INFO:root:Harwell registration pipeline
INFO:root:git branch: paths
INFO:root:git commit 9775d3b4f8d362fe9bddcb21e184ad3ce702b221
INFO:root:Registration started: 2/9/2015 - 9:1
INFO:root:Harwell registration pipeline
INFO:root:git branch: paths
INFO:root:git commit 9775d3b4f8d362fe9bddcb21e184ad3ce702b221
INFO:root:Registration started: 2/9/2015 - 9:2
INFO:root:Normalised registered output using ROI: 10,10,10:20,20,20
INFO:root:gistration Finished: 2/9/2015 - 9:4
INFO:root:Harwell registration pipeline
INFO:root:git branch: paths
INFO:root:git commit 9775d3b4f8d362fe9bddcb21e184ad3ce702b221
INFO:root:Registration started: 2/9/2015 - 9:8
INFO:root:Harwell registration pipeline
INFO:root:git branch: paths
INFO:root:git commit 9775d3b4f8d362fe9bddcb21e184ad3ce702b221
INFO:root:Registration started: 2/9/2015 - 9:9
INFO:root:Normalised registered output using ROI: 10,10,10:20,20,20
INFO:root:gistration Finished: 2/9/2015 - 9:11
INFO:root:Harwell registration pipeline
INFO:root:git branch: paths
INFO:root:git commit 9775d3b4f8d362fe9bddcb21e184ad3ce702b221
INFO:root:Registration started: 2/9/2015 - 9:13
INFO:root:Normalised registered output using ROI: 10,10,10:20,20,20
INFO:root:gistration Finished: 2/9/2015 - 9:15
INFO:root:Harwell registration pipeline
INFO:root:git branch: paths
INFO:root:git commit 9775d3b4f8d362fe9bddcb21e184ad3ce702b221
INFO:root:Registration started: 2/9/2015 - 9:17
INFO:root:Normalised registered output using ROI: 10,10,10:20,20,20
INFO:root:gistration Finished: 2/9/2015 - 9:19
INFO:root:Harwell registration pipeline
INFO:root:git branch: paths
INFO:root:git commit 9775d3b4f8d362fe9bddcb21e184ad3ce702b221
INFO:root:Registration started: 2/9/2015 - 9:24
INFO:root:Normalised registered output using ROI: 10,10,10:20,20,20
INFO:root:gistration Finished: 2/9/2015 - 9:25
INFO:root:Harwell registration pipeline
INFO:root:git branch: paths
INFO:root:git commit 9775d3b4f8d362fe9bddcb21e184ad3ce702b221
INFO:root:Registration started: 2/9/2015 - 9:33
INFO:root:Normalised registered output using ROI: 10,10,10:20,20,20
INFO:root:gistration Finished: 2/9/2015 - 9:35
INFO:root:Harwell registration pipeline
INFO:root:git branch: paths
INFO:root:git commit 9775d3b4f8d362fe9bddcb21e184ad3ce702b221
INFO:root:Registration started: 2/9/2015 - 9:38
INFO:root:Harwell registration pipeline
INFO:root:git branch: paths
INFO:root:git commit 9775d3b4f8d362fe9bddcb21e184ad3ce702b221
INFO:root:Registration started: 2/9/2015 - 9:39
INFO:root:Harwell registration pipeline
INFO:root:git branch: paths
INFO:root:git commit 9775d3b4f8d362fe9bddcb21e184ad3ce702b221
INFO:root:Registration started: 2/9/2015 - 9:40
INFO:root:Normalised registered output using ROI: 10,10,10:20,20,20
INFO:root:gistration Finished: 2/9/2015 - 9:42
INFO:root:Harwell registration pipeline
INFO:root:git branch: paths
INFO:root:git commit 9775d3b4f8d362fe9bddcb21e184ad3ce702b221
INFO:root:Registration started: 2/9/2015 - 9:44
INFO:root:Normalised registered output using ROI: 10,10,10:20,20,20
INFO:root:gistration Finished: 2/9/2015 - 9:45
INFO:root:Harwell registration pipeline
INFO:root:git branch: paths
INFO:root:git commit 9775d3b4f8d362fe9bddcb21e184ad3ce702b221
INFO:root:Registration started: 2/9/2015 - 10:16
INFO:root:Normalised registered output using ROI: 10,10,10:20,20,20
INFO:root:gistration Finished: 2/9/2015 - 10:17
INFO:root:Harwell registration pipeline
INFO:root:git branch: paths
INFO:root:git commit 9775d3b4f8d362fe9bddcb21e184ad3ce702b221
INFO:root:Registration started: 2/9/2015 - 10:23
INFO:root:Harwell registration pipeline
INFO:root:git branch: paths
INFO:root:git commit 9775d3b4f8d362fe9bddcb21e184ad3ce702b221
INFO:root:Registration started: 2/9/2015 - 10:24
INFO:root:Normalised registered output using ROI: 10,10,10:20,20,20
INFO:root:gistration Finished: 2/9/2015 - 10:25
