
elastix is started at Mon Jul 13 12:02:27 2015.

which elastix:   elastix
elastix runs at: mlc010
  Linux 3.2.0-4-amd64 (x64), #1 SMP Debian 3.2.63-2+deb7u1
  with 16042 MB memory, and 4 cores @ 1600 MHz.
-------------------------------------------------------------------------

Running elastix with parameter file 0: "/home/neil/git/mine/registration-pipeline/inverted_elx_tforms/affine/20140430_KLF7_E14.5_16.5b_WT_XX_rec_scaled_x5.6496_pixel_28-1/newParam.txt".

Current time: Mon Jul 13 12:02:27 2015.
Reading the elastix parameters from file ...

Installing all components.
InstallingComponents was successful.

ELASTIX version: 4.700
Command line options from ElastixBase:
-f        /home/neil/work/small_data/reg_test_data/wt_test/out/affine/20140430_KLF7_E14.5_16.5b_WT_XX_rec_scaled_x5.6496_pixel_28-1/../../padded_target/2608145_deformable_avg_8bit_28um-1.nrrd
-m        /home/neil/work/small_data/reg_test_data/wt_test/out/affine/20140430_KLF7_E14.5_16.5b_WT_XX_rec_scaled_x5.6496_pixel_28-1/../../padded_target/2608145_deformable_avg_8bit_28um-1.nrrd
-fMask    unspecified, so no fixed mask used
-mMask    unspecified, so no moving mask used
-out      inverted_elx_tforms/affine/20140430_KLF7_E14.5_16.5b_WT_XX_rec_scaled_x5.6496_pixel_28-1/
-p        /home/neil/git/mine/registration-pipeline/inverted_elx_tforms/affine/20140430_KLF7_E14.5_16.5b_WT_XX_rec_scaled_x5.6496_pixel_28-1/newParam.txt
-threads  2
Command line options from TransformBase:
-t0       /home/neil/work/small_data/reg_test_data/wt_test/out/affine/20140430_KLF7_E14.5_16.5b_WT_XX_rec_scaled_x5.6496_pixel_28-1/TransformParameters.0.txt

=============== start of ParameterFile: /home/neil/git/mine/registration-pipeline/inverted_elx_tforms/affine/20140430_KLF7_E14.5_16.5b_WT_XX_rec_scaled_x5.6496_pixel_28-1/newParam.txt ===============
(AutomaticScalesEstimation  "true")
(NumberOfHistogramBins  32)
(MovingImageDimension  3)
(DefaultPixelValue  0)
(UseDirectionCosines  "true")
(FixedImageDimension  3)
(NewSamplesEveryIteration  "true")
(FixedImagePyramid  "FixedSmoothingImagePyramid")
(FinalBSplineInterpolationOrder  0)
(Resampler  "DefaultResampler")
(WriteResultImage "false")
(CompressResultImage  "true")
(ResultImageFormat  "nrrd")
(ImageSampler  "Random")
(WriteTransformParametersEachIteration  "false")
(FixedInternalImagePixelType  "short")
(MovingImagePyramid  "MovingSmoothingImagePyramid")
(Interpolator  "BSplineInterpolator")
(ResultImagePixelType  "float")
(AutomaticTransformInitialization  "true")
(MovingInternalImagePixelType  "short")
(HowToCombineTransforms  "Compose")
(ResampleInterpolator  "FinalBSplineInterpolator")
(NumberOfSpatialSamples  200)
(Optimizer  "AdaptiveStochasticGradientDescent")
(MaximumNumberOfIterations  50)
(Metric "DisplacementMagnitudePenalty")
(Registration  "MultiResolutionRegistration")
(Transform  "AffineTransform")
(NumberOfResolutions  1)


=============== end of ParameterFile: /home/neil/git/mine/registration-pipeline/inverted_elx_tforms/affine/20140430_KLF7_E14.5_16.5b_WT_XX_rec_scaled_x5.6496_pixel_28-1/newParam.txt ===============


Reading images...
Reading images took 5 ms.

Reading the elastix parameters from file ...

WARNING: the fixed pyramid schedule is not fully specified!
  A default pyramid schedule is used.
WARNING: the moving pyramid schedule is not fully specified!
  A default pyramid schedule is used.
WARNING: The parameter "AutomaticTransformInitializationMethod", requested at entry number 0, does not exist at all.
  The default value "GeometricalCenter" is used instead.
Transform parameters are initialized as: [1, 0, 0, 0, 1, 0, 0, 0, 1, 0, 0, 0]
Scales are estimated automatically.
Scales for transform parameters are: [301.61728257512385, 544.4722713761959, 1147.103381002549, 301.61728257512385, 544.4722713761959, 1147.103381002549, 301.61728257512385, 544.4722713761959, 1147.103381002549, 1, 1, 1]
Initialization of all components (before registration) took: 2 ms.
Preparation of the image pyramids took: 23 ms.

Resolution: 0
WARNING: The parameter "ShowExactMetricValue", requested at entry number 0, does not exist at all.
  The default value "false" is used instead.
WARNING: The parameter "CheckNumberOfSamples", requested at entry number 0, does not exist at all.
  The default value "true" is used instead.
Setting the fixed masks took: 0 ms.
Setting the moving masks took: 0 ms.
WARNING: The parameter "BSplineInterpolationOrder", requested at entry number 0, does not exist at all.
  The default value "1" is used instead.
WARNING: The parameter "SP_A", requested at entry number 0, does not exist at all.
  The default value "20" is used instead.
WARNING: The parameter "MaximumNumberOfSamplingAttempts", requested at entry number 0, does not exist at all.
  The default value "0" is used instead.
WARNING: The parameter "SigmoidInitialTime", requested at entry number 0, does not exist at all.
  The default value "0" is used instead.
WARNING: The parameter "MaxBandCovSize", requested at entry number 0, does not exist at all.
  The default value "192" is used instead.
WARNING: The parameter "NumberOfBandStructureSamples", requested at entry number 0, does not exist at all.
  The default value "10" is used instead.
WARNING: The parameter "UseAdaptiveStepSizes", requested at entry number 0, does not exist at all.
  The default value "true" is used instead.
WARNING: The parameter "AutomaticParameterEstimation", requested at entry number 0, does not exist at all.
  The default value "true" is used instead.
WARNING: The parameter "MaximumStepLength", requested at entry number 0, does not exist at all.
  The default value "1" is used instead.
WARNING: The parameter "NumberOfGradientMeasurements", requested at entry number 0, does not exist at all.
  The default value "0" is used instead.
WARNING: The parameter "NumberOfJacobianMeasurements", requested at entry number 0, does not exist at all.
  The default value "1000" is used instead.
WARNING: The parameter "NumberOfSamplesForExactGradient", requested at entry number 0, does not exist at all.
  The default value "100000" is used instead.
WARNING: The parameter "SigmoidScaleFactor", requested at entry number 0, does not exist at all.
  The default value "0.1" is used instead.
Elastix initialization of all components (for this resolution) took: 0 ms.
Initialization of DisplacementMagnitude penalty term took: 5 ms.
Starting automatic parameter estimation for AdaptiveStochasticGradientDescent ...
WARNING: The parameter "ASGDParameterEstimationMethod", requested at entry number 0, does not exist at all.
  The default value "Original" is used instead.
  Computing JacobianTerms ...
  Computing the Jacobian terms took 0 Seconds
  NumberOfGradientMeasurements to estimate sigma_i: 3
  Sampling gradients ...
  Sampling the gradients took 0 Seconds
Automatic parameter estimation took 0 Seconds
1:ItNr	2:Metric	3a:Time	3b:StepSize	4:||Gradient||	Time[ms]
0	19.760641	0.000000	0.040214	8.746206	26
1	16.217809	0.000000	0.040214	7.798796	0
2	14.819822	0.000000	0.040214	7.614290	0
3	13.147863	0.000000	0.040214	7.400680	0
4	11.042825	0.000000	0.040214	6.730637	0
5	9.511208	0.000000	0.040214	6.286914	0
6	7.874127	0.000000	0.040214	5.694220	0
7	6.615116	0.000000	0.040214	5.208199	0
8	5.152177	0.000000	0.040214	4.418354	0
9	4.961055	0.000000	0.040214	4.625660	0
10	3.824247	0.000000	0.040214	3.869634	0
11	3.264958	0.000000	0.040214	3.581003	0
12	2.610258	0.000000	0.040214	3.132983	0
13	2.408164	0.000000	0.040214	3.102399	0
14	2.071031	0.000000	0.040214	2.901696	0
15	1.687092	0.000000	0.040214	2.598296	0
16	1.491330	0.000000	0.040214	2.468119	0
17	1.199781	0.000000	0.040214	2.166235	0
18	1.067009	0.000000	0.040214	2.079906	0
19	0.949150	0.000000	0.040214	2.024589	0
20	0.719679	0.000000	0.040214	1.675314	0
21	0.661704	0.000000	0.040214	1.663460	0
22	0.505463	0.000000	0.040214	1.388453	0
23	0.466352	0.000000	0.040214	1.381770	0
24	0.383946	0.000000	0.040214	1.251943	0
25	0.336611	0.000000	0.040214	1.179777	0
26	0.272000	0.000000	0.040214	1.036624	0
27	0.238054	0.000000	0.040214	0.986245	0
28	0.192759	0.000000	0.040214	0.873119	0
29	0.183007	0.000000	0.040214	0.903177	0
30	0.134813	0.000000	0.040214	0.728019	0
31	0.123408	0.000000	0.040214	0.722537	0
32	0.099253	0.000000	0.040214	0.632322	0
33	0.088252	0.000000	0.040214	0.612090	0
34	0.066362	0.000000	0.040214	0.502457	0
35	0.055604	0.000000	0.040214	0.454634	0
36	0.049333	0.000000	0.040214	0.440898	0
37	0.044396	0.000000	0.040214	0.424804	0
38	0.034296	0.000000	0.040214	0.359075	0
39	0.030597	0.000000	0.040214	0.344016	0
40	0.027089	0.000000	0.040214	0.331058	0
41	0.023020	0.000000	0.040214	0.304300	0
42	0.020242	0.000000	0.040214	0.292922	0
43	0.014523	0.000000	0.040214	0.229198	0
44	0.014431	0.000000	0.040214	0.245511	0
45	0.012070	0.000000	0.040214	0.223725	0
46	0.009503	0.000000	0.040214	0.191066	0
47	0.008782	0.000000	0.040214	0.191091	0
48	0.007433	0.000000	0.040214	0.177292	0
49	0.005473	0.000000	0.040214	0.141762	0
Time spent in resolution 0 (ITK initialisation and iterating): 0.032 s.
Stopping condition: Maximum number of iterations has been reached.
Settings of AdaptiveStochasticGradientDescent in resolution 0:
( SP_a 0.844493 )
( SP_A 20.000000 )
( SP_alpha 1.000000 )
( SigmoidMax 1.000000 )
( SigmoidMin -0.024610 )
( SigmoidScale 0.038242 )



=============== start of TransformParameterFile ===============
(Transform "AffineTransform")
(NumberOfParameters 12)
(TransformParameters 0.931445 0.035372 -0.028683 -0.006897 0.939650 0.002956 0.018501 -0.016034 0.954429 2.403056 -2.583166 -0.101502)
(InitialTransformParametersFileName "/home/neil/work/small_data/reg_test_data/wt_test/out/affine/20140430_KLF7_E14.5_16.5b_WT_XX_rec_scaled_x5.6496_pixel_28-1/TransformParameters.0.txt")
(HowToCombineTransforms "Compose")

// Image specific
(FixedImageDimension 3)
(MovingImageDimension 3)
(FixedInternalImagePixelType "short")
(MovingInternalImagePixelType "short")
(Size 55 75 109)
(Index 0 0 0)
(Spacing 1.0000000000 1.0000000000 1.0000000000)
(Origin 0.0000000000 0.0000000000 0.0000000000)
(Direction 1.0000000000 0.0000000000 0.0000000000 0.0000000000 1.0000000000 0.0000000000 0.0000000000 0.0000000000 1.0000000000)
(UseDirectionCosines "true")

// AdvancedAffineTransform specific
(CenterOfRotationPoint 24.5601280000 39.6215770000 54.1042680000)

// ResampleInterpolator specific
(ResampleInterpolator "FinalBSplineInterpolator")
(FinalBSplineInterpolationOrder 0)

// Resampler specific
(Resampler "DefaultResampler")
(DefaultPixelValue 0.000000)
(ResultImageFormat "nrrd")
(ResultImagePixelType "float")
(CompressResultImage "true")

=============== end of TransformParameterFile ===============

Registration result checksum: 4003054259

Skipping applying final transform, no resulting output image generated.

Final metric value  = 0.005473
Settings of AdaptiveStochasticGradientDescent for all resolutions:
( SP_a 0.844493 )
( SP_A 20.000000 )
( SP_alpha 1.000000 )
( SigmoidMax 1.000000 )
( SigmoidMin -0.024610 )
( SigmoidScale 0.038242 )

Time spent on saving the results, applying the final transform etc.: 0 ms.
Running elastix with parameter file 0: "/home/neil/git/mine/registration-pipeline/inverted_elx_tforms/affine/20140430_KLF7_E14.5_16.5b_WT_XX_rec_scaled_x5.6496_pixel_28-1/newParam.txt", has finished.


Current time: Mon Jul 13 12:02:27 2015.
Time used for running elastix with this parameter file: 0 Seconds.

-------------------------------------------------------------------------

Total time elapsed: 0 Seconds.

